Arguments: 
  /Users/mac/.nvm/versions/node/v16.0.0/bin/node /usr/local/bin/yarn build

PATH: 
  /Users/mac/.nvm/versions/node/v16.0.0/bin:/usr/local/bin:/usr/bin:/bin:/usr/sbin:/sbin:/Library/Apple/usr/bin

Yarn version: 
  1.22.10

Node version: 
  16.0.0

Platform: 
  darwin x64

Trace: 
  SyntaxError: /Users/mac/Documents/study/webpack5.x/package.json: Unexpected token } in JSON at position 257
      at JSON.parse (<anonymous>)
      at /usr/local/lib/node_modules/yarn/lib/cli.js:1625:59
      at Generator.next (<anonymous>)
      at step (/usr/local/lib/node_modules/yarn/lib/cli.js:310:30)
      at /usr/local/lib/node_modules/yarn/lib/cli.js:321:13

npm manifest: 
  {
    "name": "webpack5.x",
    "version": "1.0.0",
    "description": "",
    "private": true,
    "main": "dist/webpack-numbers.js",
    "scripts": {
      "test": "echo \"Error: no test specified\" && exit 1",
      "build": "webpack",
      "watch": "webpack --watch",
    },
    "keywords": [],
    "author": "",
    "license": "ISC",
    "devDependencies": {
      "clean-webpack-plugin": "^4.0.0-alpha.0",
      "css-loader": "^5.2.6",
      "express": "^4.17.1",
      "html-webpack-plugin": "^5.3.2",
      "style-loader": "^3.0.0",
      "uglifyjs-webpack-plugin": "^2.2.0",
      "webpack": "^5.44.0",
      "webpack-cli": "^3.3.12",
      "webpack-dev-middleware": "^5.0.0",
      "webpack-dev-server": "^3.11.2",
      "webpack-merge": "^5.8.0"
    },
    "dependencies": {
      "lodash": "^4.17.21"
    }
  }

yarn manifest: 
  No manifest

Lockfile: 
  No lockfile
